Arguments: 
  /Users/bip/.nvm/versions/node/v16.18.1/bin/node /Users/bip/.cache/node/corepack/yarn/1.22.19/bin/yarn.js add iron-sesion

PATH: 
  /Users/bip/.nvm/versions/node/v16.18.1/bin:/Users/bip/.pyenv/shims:/Users/bip/.pyenv/bin:/opt/homebrew/bin:/opt/homebrew/sbin:/usr/local/bin:/usr/local/bin:/usr/bin:/bin:/usr/sbin:/sbin:/Library/Apple/usr/bin:/Users/bip/.nvm/versions/node/v16.18.1/bin:/Users/bip/.pyenv/bin:/opt/homebrew/bin:/opt/homebrew/sbin:/Users/bip/development/flutter/bin:/Users/bip/development/flutter/bin

Yarn version: 
  1.22.19

Node version: 
  16.18.1

Platform: 
  darwin arm64

Trace: 
  Error: https://registry.npmjs.org/iron-sesion: Not found
      at Request.params.callback [as _callback] (/Users/bip/.cache/node/corepack/yarn/1.22.19/lib/cli.js:66145:18)
      at Request.self.callback (/Users/bip/.cache/node/corepack/yarn/1.22.19/lib/cli.js:140890:22)
      at Request.emit (node:events:513:28)
      at Request.<anonymous> (/Users/bip/.cache/node/corepack/yarn/1.22.19/lib/cli.js:141862:10)
      at Request.emit (node:events:513:28)
      at IncomingMessage.<anonymous> (/Users/bip/.cache/node/corepack/yarn/1.22.19/lib/cli.js:141784:12)
      at Object.onceWrapper (node:events:627:28)
      at IncomingMessage.emit (node:events:525:35)
      at endReadableNT (node:internal/streams/readable:1358:12)
      at processTicksAndRejections (node:internal/process/task_queues:83:21)

npm manifest: 
  {
    "name": "makuro-tools",
    "author": {
      "name": "makuro",
      "email": "kurosakiblackangel@gmail.com",
      "url": "https://wa.me/6289697338821"
    },
    "version": "1.1.5",
    "main": "index.js",
    "license": "MIT",
    "bin": {
      "makuro-tools": "./bin/makuro-tools.js"
    },
    "dependencies": {
      "colors": "^1.4.0",
      "file-system-db": "^2.0.0",
      "lodash": "^4.17.21",
      "prompts": "^2.4.2",
      "uuid": "^9.0.0"
    }
    
  }

yarn manifest: 
  No manifest

Lockfile: 
  # THIS IS AN AUTOGENERATED FILE. DO NOT EDIT THIS FILE DIRECTLY.
  # yarn lockfile v1
  
  
  colors@^1.4.0:
    version "1.4.0"
    resolved "https://registry.yarnpkg.com/colors/-/colors-1.4.0.tgz#c50491479d4c1bdaed2c9ced32cf7c7dc2360f78"
    integrity sha512-a+UqTh4kgZg/SlGvfbzDHpgRu7AAQOmmqRHJnxhRZICKFUT91brVhNNt58CMWU9PsBbv3PDCZUHbVxuDiH2mtA==
  
  file-system-db@^2.0.0:
    version "2.0.0"
    resolved "https://registry.yarnpkg.com/file-system-db/-/file-system-db-2.0.0.tgz#568554d4be7e77a2632aac4fe7177daa4d1734ae"
    integrity sha512-mT7YmaseTCVXQ4eWSVosSRNGwBh/NKer2aPyYAI0LlnjfEqxltsbKcfS4eI2aiwmGY+W0evsmfy7TlQwhMuIiA==
  
  kleur@^3.0.3:
    version "3.0.3"
    resolved "https://registry.yarnpkg.com/kleur/-/kleur-3.0.3.tgz#a79c9ecc86ee1ce3fa6206d1216c501f147fc07e"
    integrity sha512-eTIzlVOSUR+JxdDFepEYcBMtZ9Qqdef+rnzWdRZuMbOywu5tO2w2N7rqjoANZ5k9vywhL6Br1VRjUIgTQx4E8w==
  
  lodash@^4.17.21:
    version "4.17.21"
    resolved "https://registry.yarnpkg.com/lodash/-/lodash-4.17.21.tgz#679591c564c3bffaae8454cf0b3df370c3d6911c"
    integrity sha512-v2kDEe57lecTulaDIuNTPy3Ry4gLGJ6Z1O3vE1krgXZNrsQ+LFTGHVxVjcXPs17LhbZVGedAJv8XZ1tvj5FvSg==
  
  prompts@^2.4.2:
    version "2.4.2"
    resolved "https://registry.yarnpkg.com/prompts/-/prompts-2.4.2.tgz#7b57e73b3a48029ad10ebd44f74b01722a4cb069"
    integrity sha512-NxNv/kLguCA7p3jE8oL2aEBsrJWgAakBpgmgK6lpPWV+WuOmY6r2/zbAVnP+T8bQlA0nzHXSJSJW0Hq7ylaD2Q==
    dependencies:
      kleur "^3.0.3"
      sisteransi "^1.0.5"
  
  sisteransi@^1.0.5:
    version "1.0.5"
    resolved "https://registry.yarnpkg.com/sisteransi/-/sisteransi-1.0.5.tgz#134d681297756437cc05ca01370d3a7a571075ed"
    integrity sha512-bLGGlR1QxBcynn2d5YmDX4MGjlZvy2MRBDRNHLJ8VI6l6+9FUiyTFNJ0IveOSP0bcXgVDPRcfGqA0pjaqUpfVg==
  
  uuid@^9.0.0:
    version "9.0.0"
    resolved "https://registry.yarnpkg.com/uuid/-/uuid-9.0.0.tgz#592f550650024a38ceb0c562f2f6aa435761efb5"
    integrity sha512-MXcSTerfPa4uqyzStbRoTgt5XIe3x5+42+q1sDuy3R5MDk66URdLMOZe5aPX/SQd+kuYAh0FdP/pO28IkQyTeg==
